<?xml version="1.0" encoding="UTF-8"?>
<testng-results ignored="4" total="13" passed="8" failed="1" skipped="0">
  <reporter-output>
  </reporter-output>
  <suite started-at="2024-06-17T18:40:26Z" name="RegressionSuite" finished-at="2024-06-17T18:41:18Z" duration-ms="51996">
    <groups>
    </groups>
    <test started-at="2024-06-17T18:40:26Z" name="Test" finished-at="2024-06-17T18:41:18Z" duration-ms="51996">
      <class name="com.opencart.testCases.RegisterTest">
        <test-method is-config="true" signature="browserSetUp()[pri:0, instance:com.opencart.testCases.RegisterTest@2a266d09]" started-at="2024-06-18T00:10:36Z" name="browserSetUp" finished-at="2024-06-18T00:10:40Z" duration-ms="3184" status="PASS">
          <reporter-output>
          </reporter-output>
        </test-method> <!-- browserSetUp -->
        <test-method signature="verifyRegisterTestWithInvalidEmailDetails()[pri:0, instance:com.opencart.testCases.RegisterTest@2a266d09]" started-at="2024-06-18T00:10:40Z" name="verifyRegisterTestWithInvalidEmailDetails" finished-at="2024-06-18T00:10:42Z" duration-ms="2038" status="PASS">
          <reporter-output>
          </reporter-output>
        </test-method> <!-- verifyRegisterTestWithInvalidEmailDetails -->
        <test-method is-config="true" signature="tearDown()[pri:0, instance:com.opencart.testCases.RegisterTest@2a266d09]" started-at="2024-06-18T00:10:42Z" name="tearDown" finished-at="2024-06-18T00:10:42Z" duration-ms="296" status="PASS">
          <reporter-output>
          </reporter-output>
        </test-method> <!-- tearDown -->
        <test-method is-config="true" signature="browserSetUp()[pri:0, instance:com.opencart.testCases.RegisterTest@2a266d09]" started-at="2024-06-18T00:10:42Z" name="browserSetUp" finished-at="2024-06-18T00:10:45Z" duration-ms="2947" status="PASS">
          <reporter-output>
          </reporter-output>
        </test-method> <!-- browserSetUp -->
        <test-method signature="verifyRegisterTestWithInvalidPasswordDetails()[pri:0, instance:com.opencart.testCases.RegisterTest@2a266d09]" started-at="2024-06-18T00:10:45Z" name="verifyRegisterTestWithInvalidPasswordDetails" finished-at="2024-06-18T00:10:47Z" duration-ms="2034" status="PASS">
          <reporter-output>
          </reporter-output>
        </test-method> <!-- verifyRegisterTestWithInvalidPasswordDetails -->
        <test-method is-config="true" signature="tearDown()[pri:0, instance:com.opencart.testCases.RegisterTest@2a266d09]" started-at="2024-06-18T00:10:47Z" name="tearDown" finished-at="2024-06-18T00:10:47Z" duration-ms="265" status="PASS">
          <reporter-output>
          </reporter-output>
        </test-method> <!-- tearDown -->
        <test-method is-config="true" signature="browserSetUp()[pri:0, instance:com.opencart.testCases.RegisterTest@2a266d09]" started-at="2024-06-18T00:10:47Z" name="browserSetUp" finished-at="2024-06-18T00:10:50Z" duration-ms="2748" status="PASS">
          <reporter-output>
          </reporter-output>
        </test-method> <!-- browserSetUp -->
        <test-method signature="verifyRegisterTestWithValidDetails()[pri:0, instance:com.opencart.testCases.RegisterTest@2a266d09]" started-at="2024-06-18T00:10:50Z" name="verifyRegisterTestWithValidDetails" finished-at="2024-06-18T00:10:52Z" duration-ms="2040" status="FAIL">
          <exception class="java.lang.AssertionError">
            <message>
              <![CDATA[expected [Your Account Has Been Created!] but found [Register Account]]]>
            </message>
            <full-stacktrace>
              <![CDATA[java.lang.AssertionError: expected [Your Account Has Been Created!] but found [Register Account]
	at org.testng.Assert.fail(Assert.java:93)
	at org.testng.Assert.failNotEquals(Assert.java:512)
	at org.testng.Assert.assertEqualsImpl(Assert.java:134)
	at org.testng.Assert.assertEquals(Assert.java:115)
	at org.testng.Assert.assertEquals(Assert.java:189)
	at org.testng.Assert.assertEquals(Assert.java:199)
	at com.opencart.testCases.RegisterTest.verifyRegisterTestWithValidDetails(RegisterTest.java:39)
	at java.base/jdk.internal.reflect.NativeMethodAccessorImpl.invoke0(Native Method)
	at java.base/jdk.internal.reflect.NativeMethodAccessorImpl.invoke(NativeMethodAccessorImpl.java:62)
	at java.base/jdk.internal.reflect.DelegatingMethodAccessorImpl.invoke(DelegatingMethodAccessorImpl.java:43)
	at java.base/java.lang.reflect.Method.invoke(Method.java:566)
	at org.testng.internal.MethodInvocationHelper.invokeMethod(MethodInvocationHelper.java:108)
	at org.testng.internal.Invoker.invokeMethod(Invoker.java:661)
	at org.testng.internal.Invoker.invokeTestMethod(Invoker.java:869)
	at org.testng.internal.Invoker.invokeTestMethods(Invoker.java:1193)
	at org.testng.internal.TestMethodWorker.invokeTestMethods(TestMethodWorker.java:126)
	at org.testng.internal.TestMethodWorker.run(TestMethodWorker.java:109)
	at org.testng.TestRunner.privateRun(TestRunner.java:744)
	at org.testng.TestRunner.run(TestRunner.java:602)
	at org.testng.SuiteRunner.runTest(SuiteRunner.java:380)
	at org.testng.SuiteRunner.runSequentially(SuiteRunner.java:375)
	at org.testng.SuiteRunner.privateRun(SuiteRunner.java:340)
	at org.testng.SuiteRunner.run(SuiteRunner.java:289)
	at org.testng.SuiteRunnerWorker.runSuite(SuiteRunnerWorker.java:52)
	at org.testng.SuiteRunnerWorker.run(SuiteRunnerWorker.java:86)
	at org.testng.TestNG.runSuitesSequentially(TestNG.java:1301)
	at org.testng.TestNG.runSuitesLocally(TestNG.java:1226)
	at org.testng.TestNG.runSuites(TestNG.java:1144)
	at org.testng.TestNG.run(TestNG.java:1115)
	at org.testng.remote.AbstractRemoteTestNG.run(AbstractRemoteTestNG.java:115)
	at org.testng.remote.RemoteTestNG.initAndRun(RemoteTestNG.java:251)
	at org.testng.remote.RemoteTestNG.main(RemoteTestNG.java:77)
]]>
            </full-stacktrace>
          </exception> <!-- java.lang.AssertionError -->
          <reporter-output>
          </reporter-output>
        </test-method> <!-- verifyRegisterTestWithValidDetails -->
        <test-method is-config="true" signature="tearDown()[pri:0, instance:com.opencart.testCases.RegisterTest@2a266d09]" started-at="2024-06-18T00:10:52Z" name="tearDown" finished-at="2024-06-18T00:10:52Z" duration-ms="269" status="PASS">
          <reporter-output>
          </reporter-output>
        </test-method> <!-- tearDown -->
      </class> <!-- com.opencart.testCases.RegisterTest -->
      <class name="com.opencart.testCases.LoginTest">
        <test-method is-config="true" signature="start()[pri:0, instance:com.opencart.testCases.LoginTest@50caa560]" started-at="2024-06-18T00:10:26Z" name="start" finished-at="2024-06-18T00:10:26Z" duration-ms="163" status="PASS">
          <reporter-output>
          </reporter-output>
        </test-method> <!-- start -->
        <test-method is-config="true" signature="browserSetUp()[pri:0, instance:com.opencart.testCases.LoginTest@50caa560]" started-at="2024-06-18T00:10:26Z" name="browserSetUp" finished-at="2024-06-18T00:10:30Z" duration-ms="3583" status="PASS">
          <reporter-output>
          </reporter-output>
        </test-method> <!-- browserSetUp -->
        <test-method signature="verifyLoginTestWithInvalidDetails()[pri:0, instance:com.opencart.testCases.LoginTest@50caa560]" started-at="2024-06-18T00:10:30Z" name="verifyLoginTestWithInvalidDetails" finished-at="2024-06-18T00:10:31Z" duration-ms="1493" status="PASS">
          <reporter-output>
          </reporter-output>
        </test-method> <!-- verifyLoginTestWithInvalidDetails -->
        <test-method is-config="true" signature="tearDown()[pri:0, instance:com.opencart.testCases.LoginTest@50caa560]" started-at="2024-06-18T00:10:31Z" name="tearDown" finished-at="2024-06-18T00:10:32Z" duration-ms="290" status="PASS">
          <reporter-output>
          </reporter-output>
        </test-method> <!-- tearDown -->
        <test-method is-config="true" signature="browserSetUp()[pri:0, instance:com.opencart.testCases.LoginTest@50caa560]" started-at="2024-06-18T00:10:32Z" name="browserSetUp" finished-at="2024-06-18T00:10:34Z" duration-ms="2874" status="PASS">
          <reporter-output>
          </reporter-output>
        </test-method> <!-- browserSetUp -->
        <test-method signature="verifyLoginTestWithValidDetails()[pri:0, instance:com.opencart.testCases.LoginTest@50caa560]" started-at="2024-06-18T00:10:34Z" name="verifyLoginTestWithValidDetails" finished-at="2024-06-18T00:10:36Z" duration-ms="1682" status="PASS">
          <reporter-output>
          </reporter-output>
        </test-method> <!-- verifyLoginTestWithValidDetails -->
        <test-method is-config="true" signature="tearDown()[pri:0, instance:com.opencart.testCases.LoginTest@50caa560]" started-at="2024-06-18T00:10:36Z" name="tearDown" finished-at="2024-06-18T00:10:36Z" duration-ms="293" status="PASS">
          <reporter-output>
          </reporter-output>
        </test-method> <!-- tearDown -->
        <test-method is-config="true" signature="end()[pri:0, instance:com.opencart.testCases.LoginTest@50caa560]" started-at="2024-06-18T00:11:18Z" name="end" finished-at="2024-06-18T00:11:18Z" duration-ms="0" status="PASS">
          <reporter-output>
          </reporter-output>
        </test-method> <!-- end -->
      </class> <!-- com.opencart.testCases.LoginTest -->
      <class name="com.opencart.testCases.AddressTest">
        <test-method is-config="true" signature="browserSetUp()[pri:0, instance:com.opencart.testCases.AddressTest@5ab9e72c]" started-at="2024-06-18T00:10:52Z" name="browserSetUp" finished-at="2024-06-18T00:10:55Z" duration-ms="2981" status="PASS">
          <reporter-output>
          </reporter-output>
        </test-method> <!-- browserSetUp -->
        <test-method signature="verifyAddressTestWithValidDetails()[pri:0, instance:com.opencart.testCases.AddressTest@5ab9e72c]" started-at="2024-06-18T00:10:55Z" name="verifyAddressTestWithValidDetails" finished-at="2024-06-18T00:11:00Z" duration-ms="4631" status="PASS">
          <reporter-output>
          </reporter-output>
        </test-method> <!-- verifyAddressTestWithValidDetails -->
        <test-method is-config="true" signature="tearDown()[pri:0, instance:com.opencart.testCases.AddressTest@5ab9e72c]" started-at="2024-06-18T00:11:00Z" name="tearDown" finished-at="2024-06-18T00:11:00Z" duration-ms="287" status="PASS">
          <reporter-output>
          </reporter-output>
        </test-method> <!-- tearDown -->
        <test-method is-config="true" signature="browserSetUp()[pri:0, instance:com.opencart.testCases.AddressTest@5ab9e72c]" started-at="2024-06-18T00:11:00Z" name="browserSetUp" finished-at="2024-06-18T00:11:03Z" duration-ms="2978" status="PASS">
          <reporter-output>
          </reporter-output>
        </test-method> <!-- browserSetUp -->
        <test-method signature="verifyAddressTestByDeletingExisitngAddress()[pri:1, instance:com.opencart.testCases.AddressTest@5ab9e72c]" started-at="2024-06-18T00:11:03Z" name="verifyAddressTestByDeletingExisitngAddress" finished-at="2024-06-18T00:11:06Z" duration-ms="2394" status="PASS">
          <reporter-output>
          </reporter-output>
        </test-method> <!-- verifyAddressTestByDeletingExisitngAddress -->
        <test-method is-config="true" signature="tearDown()[pri:0, instance:com.opencart.testCases.AddressTest@5ab9e72c]" started-at="2024-06-18T00:11:06Z" name="tearDown" finished-at="2024-06-18T00:11:06Z" duration-ms="300" status="PASS">
          <reporter-output>
          </reporter-output>
        </test-method> <!-- tearDown -->
        <test-method is-config="true" signature="browserSetUp()[pri:0, instance:com.opencart.testCases.AddressTest@5ab9e72c]" started-at="2024-06-18T00:11:06Z" name="browserSetUp" finished-at="2024-06-18T00:11:09Z" duration-ms="2804" status="PASS">
          <reporter-output>
          </reporter-output>
        </test-method> <!-- browserSetUp -->
        <test-method signature="verifyAddressTestByDeletingNewAddress()[pri:2, instance:com.opencart.testCases.AddressTest@5ab9e72c]" started-at="2024-06-18T00:11:09Z" name="verifyAddressTestByDeletingNewAddress" finished-at="2024-06-18T00:11:11Z" duration-ms="2412" status="PASS">
          <reporter-output>
          </reporter-output>
        </test-method> <!-- verifyAddressTestByDeletingNewAddress -->
        <test-method is-config="true" signature="tearDown()[pri:0, instance:com.opencart.testCases.AddressTest@5ab9e72c]" started-at="2024-06-18T00:11:11Z" name="tearDown" finished-at="2024-06-18T00:11:11Z" duration-ms="278" status="PASS">
          <reporter-output>
          </reporter-output>
        </test-method> <!-- tearDown -->
        <test-method is-config="true" signature="browserSetUp()[pri:0, instance:com.opencart.testCases.AddressTest@5ab9e72c]" started-at="2024-06-18T00:11:11Z" name="browserSetUp" finished-at="2024-06-18T00:11:14Z" duration-ms="2799" status="PASS">
          <reporter-output>
          </reporter-output>
        </test-method> <!-- browserSetUp -->
        <test-method signature="verifyAddressTestByeditingExisitngAddress()[pri:3, instance:com.opencart.testCases.AddressTest@5ab9e72c]" started-at="2024-06-18T00:11:14Z" name="verifyAddressTestByeditingExisitngAddress" finished-at="2024-06-18T00:11:18Z" duration-ms="3360" status="PASS">
          <reporter-output>
          </reporter-output>
        </test-method> <!-- verifyAddressTestByeditingExisitngAddress -->
        <test-method is-config="true" signature="tearDown()[pri:0, instance:com.opencart.testCases.AddressTest@5ab9e72c]" started-at="2024-06-18T00:11:18Z" name="tearDown" finished-at="2024-06-18T00:11:18Z" duration-ms="304" status="PASS">
          <reporter-output>
          </reporter-output>
        </test-method> <!-- tearDown -->
      </class> <!-- com.opencart.testCases.AddressTest -->
    </test> <!-- Test -->
  </suite> <!-- RegressionSuite -->
</testng-results>
