<?xml version="1.0" encoding="UTF-8"?>
<!-- Generated by org.testng.reporters.JUnitXMLReporter -->
<testsuite ignored="4" hostname="DESKTOP-O9K0S7S" failures="1" tests="9" name="Test" time="51.996" errors="0" timestamp="17 Jun 2024 18:41:18 GMT">
  <testcase classname="com.opencart.testCases.LoginTest" name="verifyLoginTestWithInvalidDetails" time="1.493"/>
  <testcase classname="com.opencart.testCases.LoginTest" name="verifyLoginTestWithValidDetails" time="1.682"/>
  <testcase classname="com.opencart.testCases.RegisterTest" name="verifyRegisterTestWithInvalidEmailDetails" time="2.038"/>
  <testcase classname="com.opencart.testCases.RegisterTest" name="verifyRegisterTestWithInvalidPasswordDetails" time="2.034"/>
  <testcase classname="com.opencart.testCases.RegisterTest" name="verifyRegisterTestWithValidDetails" time="2.04">
    <failure type="java.lang.AssertionError" message="expected [Your Account Has Been Created!] but found [Register Account]">
      <![CDATA[java.lang.AssertionError: expected [Your Account Has Been Created!] but found [Register Account]
	at com.opencart.testCases.RegisterTest.verifyRegisterTestWithValidDetails(RegisterTest.java:39)
... Removed 31 stack frames]]>
    </failure>
  </testcase> <!-- verifyRegisterTestWithValidDetails -->
  <testcase classname="com.opencart.testCases.AddressTest" name="verifyAddressTestWithValidDetails" time="4.631"/>
  <testcase classname="com.opencart.testCases.AddressTest" name="verifyAddressTestByDeletingExisitngAddress" time="2.394"/>
  <testcase classname="com.opencart.testCases.AddressTest" name="verifyAddressTestByDeletingNewAddress" time="2.412"/>
  <testcase classname="com.opencart.testCases.AddressTest" name="verifyAddressTestByeditingExisitngAddress" time="3.36"/>
  <testcase classname="com.opencart.testBase.TestBase" name="@BeforeTest start" time="0.0">
    <ignored/>
  </testcase> <!-- @BeforeTest start -->
  <testcase classname="com.opencart.testBase.TestBase" name="@BeforeTest start" time="0.0">
    <ignored/>
  </testcase> <!-- @BeforeTest start -->
  <testcase classname="com.opencart.testBase.TestBase" name="@AfterTest end" time="0.0">
    <ignored/>
  </testcase> <!-- @AfterTest end -->
  <testcase classname="com.opencart.testBase.TestBase" name="@AfterTest end" time="0.0">
    <ignored/>
  </testcase> <!-- @AfterTest end -->
</testsuite> <!-- Test -->
